[2022-09-14 18:58:21,948] {taskinstance.py:1159} INFO - Dependencies all met for <TaskInstance: first_sample_dag.print_hello_world manual__2022-09-14T18:58:20.044446+00:00 [queued]>
[2022-09-14 18:58:21,970] {taskinstance.py:1159} INFO - Dependencies all met for <TaskInstance: first_sample_dag.print_hello_world manual__2022-09-14T18:58:20.044446+00:00 [queued]>
[2022-09-14 18:58:21,970] {taskinstance.py:1356} INFO - 
--------------------------------------------------------------------------------
[2022-09-14 18:58:21,971] {taskinstance.py:1357} INFO - Starting attempt 1 of 1
[2022-09-14 18:58:21,972] {taskinstance.py:1358} INFO - 
--------------------------------------------------------------------------------
[2022-09-14 18:58:21,993] {taskinstance.py:1377} INFO - Executing <Task(BashOperator): print_hello_world> on 2022-09-14 18:58:20.044446+00:00
[2022-09-14 18:58:22,000] {standard_task_runner.py:52} INFO - Started process 254 to run task
[2022-09-14 18:58:22,009] {standard_task_runner.py:79} INFO - Running: ['***', 'tasks', 'run', 'first_sample_dag', 'print_hello_world', 'manual__2022-09-14T18:58:20.044446+00:00', '--job-id', '2', '--raw', '--subdir', 'DAGS_FOLDER/sample_dag.py', '--cfg-path', '/tmp/tmp957pj875', '--error-file', '/tmp/tmp6a711ege']
[2022-09-14 18:58:22,012] {standard_task_runner.py:80} INFO - Job 2: Subtask print_hello_world
[2022-09-14 18:58:22,089] {task_command.py:369} INFO - Running <TaskInstance: first_sample_dag.print_hello_world manual__2022-09-14T18:58:20.044446+00:00 [running]> on host 981663e516ea
[2022-09-14 18:58:22,198] {taskinstance.py:1571} INFO - Exporting the following env vars:
AIRFLOW_CTX_DAG_OWNER=***
AIRFLOW_CTX_DAG_ID=first_sample_dag
AIRFLOW_CTX_TASK_ID=print_hello_world
AIRFLOW_CTX_EXECUTION_DATE=2022-09-14T18:58:20.044446+00:00
AIRFLOW_CTX_TRY_NUMBER=1
AIRFLOW_CTX_DAG_RUN_ID=manual__2022-09-14T18:58:20.044446+00:00
[2022-09-14 18:58:22,201] {subprocess.py:62} INFO - Tmp dir root location: 
 /tmp
[2022-09-14 18:58:22,202] {subprocess.py:74} INFO - Running command: ['bash', '-c', 'echo "HelloWorld!"']
[2022-09-14 18:58:22,218] {subprocess.py:85} INFO - Output:
[2022-09-14 18:58:22,222] {subprocess.py:92} INFO - HelloWorld!
[2022-09-14 18:58:22,224] {subprocess.py:96} INFO - Command exited with return code 0
[2022-09-14 18:58:22,265] {taskinstance.py:1400} INFO - Marking task as SUCCESS. dag_id=first_sample_dag, task_id=print_hello_world, execution_date=20220914T185820, start_date=20220914T185821, end_date=20220914T185822
[2022-09-14 18:58:22,307] {local_task_job.py:156} INFO - Task exited with return code 0
[2022-09-14 18:58:22,360] {local_task_job.py:273} INFO - 1 downstream tasks scheduled from follow-on schedule check
