[2022-09-14 18:44:27,687] {manager.py:474} INFO - Processing files using up to 2 processes at a time 
[2022-09-14 18:44:27,691] {manager.py:475} INFO - Process each file at most once every 30 seconds
[2022-09-14 18:44:27,703] {manager.py:477} INFO - Checking for new files in /opt/airflow/dags every 300 seconds
[2022-09-14 18:44:27,704] {manager.py:684} INFO - Searching for files in /opt/airflow/dags
[2022-09-14 18:44:27,725] {manager.py:687} INFO - There are 0 files in /opt/airflow/dags
[2022-09-14 18:49:28,088] {manager.py:684} INFO - Searching for files in /opt/airflow/dags
[2022-09-14 18:49:28,096] {manager.py:687} INFO - There are 1 files in /opt/airflow/dags
[2022-09-14 18:49:28,120] {manager.py:803} INFO - 
================================================================================
DAG File Processing Stats

File Path                          PID  Runtime      # DAGs    # Errors  Last Runtime    Last Run
-------------------------------  -----  ---------  --------  ----------  --------------  ----------
/opt/airflow/dags/sample_dag.py    182  0.01s             0           0
================================================================================
[2022-09-14 18:49:52,828] {manager.py:455} INFO - Exiting gracefully upon receiving signal 15
[2022-09-14 18:51:09,135] {manager.py:474} INFO - Processing files using up to 2 processes at a time 
[2022-09-14 18:51:09,136] {manager.py:475} INFO - Process each file at most once every 30 seconds
[2022-09-14 18:51:09,137] {manager.py:477} INFO - Checking for new files in /opt/airflow/dags every 300 seconds
[2022-09-14 18:51:09,138] {manager.py:684} INFO - Searching for files in /opt/airflow/dags
[2022-09-14 18:51:09,149] {manager.py:687} INFO - There are 1 files in /opt/airflow/dags
[2022-09-14 18:51:09,216] {manager.py:803} INFO - 
================================================================================
DAG File Processing Stats

File Path                          PID  Runtime      # DAGs    # Errors  Last Runtime    Last Run
-------------------------------  -----  ---------  --------  ----------  --------------  ----------
/opt/airflow/dags/sample_dag.py    177  0.02s             0           0
================================================================================
[2022-09-14 18:51:39,278] {manager.py:803} INFO - 
================================================================================
DAG File Processing Stats

File Path                        PID    Runtime      # DAGs    # Errors  Last Runtime    Last Run
-------------------------------  -----  ---------  --------  ----------  --------------  -------------------
/opt/airflow/dags/sample_dag.py                           1           0  0.32s           2022-09-14T18:51:09
================================================================================
[2022-09-14 18:52:09,588] {manager.py:803} INFO - 
================================================================================
DAG File Processing Stats

File Path                        PID    Runtime      # DAGs    # Errors  Last Runtime    Last Run
-------------------------------  -----  ---------  --------  ----------  --------------  -------------------
/opt/airflow/dags/sample_dag.py                           1           0  0.22s           2022-09-14T18:51:39
================================================================================
[2022-09-14 18:52:39,835] {manager.py:803} INFO - 
================================================================================
DAG File Processing Stats

File Path                        PID    Runtime      # DAGs    # Errors  Last Runtime    Last Run
-------------------------------  -----  ---------  --------  ----------  --------------  -------------------
/opt/airflow/dags/sample_dag.py                           1           0  0.13s           2022-09-14T18:52:09
================================================================================
[2022-09-14 18:53:09,978] {manager.py:803} INFO - 
================================================================================
DAG File Processing Stats

File Path                        PID    Runtime      # DAGs    # Errors  Last Runtime    Last Run
-------------------------------  -----  ---------  --------  ----------  --------------  -------------------
/opt/airflow/dags/sample_dag.py                           1           0  0.18s           2022-09-14T18:52:40
================================================================================
[2022-09-14 18:53:40,171] {manager.py:803} INFO - 
================================================================================
DAG File Processing Stats

File Path                        PID    Runtime      # DAGs    # Errors  Last Runtime    Last Run
-------------------------------  -----  ---------  --------  ----------  --------------  -------------------
/opt/airflow/dags/sample_dag.py                           1           0  0.13s           2022-09-14T18:53:10
================================================================================
[2022-09-14 18:54:10,319] {manager.py:803} INFO - 
================================================================================
DAG File Processing Stats

File Path                        PID    Runtime      # DAGs    # Errors  Last Runtime    Last Run
-------------------------------  -----  ---------  --------  ----------  --------------  -------------------
/opt/airflow/dags/sample_dag.py                           1           0  0.14s           2022-09-14T18:53:40
================================================================================
[2022-09-14 18:54:40,480] {manager.py:803} INFO - 
================================================================================
DAG File Processing Stats

File Path                        PID    Runtime      # DAGs    # Errors  Last Runtime    Last Run
-------------------------------  -----  ---------  --------  ----------  --------------  -------------------
/opt/airflow/dags/sample_dag.py                           1           0  0.14s           2022-09-14T18:54:10
================================================================================
[2022-09-14 18:55:10,647] {manager.py:803} INFO - 
================================================================================
DAG File Processing Stats

File Path                        PID    Runtime      # DAGs    # Errors  Last Runtime    Last Run
-------------------------------  -----  ---------  --------  ----------  --------------  -------------------
/opt/airflow/dags/sample_dag.py                           1           0  0.14s           2022-09-14T18:54:40
================================================================================
[2022-09-14 18:55:40,799] {manager.py:803} INFO - 
================================================================================
DAG File Processing Stats

File Path                        PID    Runtime      # DAGs    # Errors  Last Runtime    Last Run
-------------------------------  -----  ---------  --------  ----------  --------------  -------------------
/opt/airflow/dags/sample_dag.py                           1           0  0.13s           2022-09-14T18:55:10
================================================================================
[2022-09-14 18:56:09,947] {manager.py:684} INFO - Searching for files in /opt/airflow/dags
[2022-09-14 18:56:09,954] {manager.py:687} INFO - There are 1 files in /opt/airflow/dags
[2022-09-14 18:56:10,970] {manager.py:803} INFO - 
================================================================================
DAG File Processing Stats

File Path                        PID    Runtime      # DAGs    # Errors  Last Runtime    Last Run
-------------------------------  -----  ---------  --------  ----------  --------------  -------------------
/opt/airflow/dags/sample_dag.py                           1           0  0.14s           2022-09-14T18:55:41
================================================================================
[2022-09-14 18:56:41,100] {manager.py:803} INFO - 
================================================================================
DAG File Processing Stats

File Path                        PID    Runtime      # DAGs    # Errors  Last Runtime    Last Run
-------------------------------  -----  ---------  --------  ----------  --------------  -------------------
/opt/airflow/dags/sample_dag.py                           1           0  0.13s           2022-09-14T18:56:11
================================================================================
[2022-09-14 18:57:11,259] {manager.py:803} INFO - 
================================================================================
DAG File Processing Stats

File Path                        PID    Runtime      # DAGs    # Errors  Last Runtime    Last Run
-------------------------------  -----  ---------  --------  ----------  --------------  -------------------
/opt/airflow/dags/sample_dag.py                           1           0  0.14s           2022-09-14T18:56:41
================================================================================
[2022-09-14 18:57:41,411] {manager.py:803} INFO - 
================================================================================
DAG File Processing Stats

File Path                        PID    Runtime      # DAGs    # Errors  Last Runtime    Last Run
-------------------------------  -----  ---------  --------  ----------  --------------  -------------------
/opt/airflow/dags/sample_dag.py                           1           0  0.13s           2022-09-14T18:57:11
================================================================================
[2022-09-14 18:58:11,561] {manager.py:803} INFO - 
================================================================================
DAG File Processing Stats

File Path                        PID    Runtime      # DAGs    # Errors  Last Runtime    Last Run
-------------------------------  -----  ---------  --------  ----------  --------------  -------------------
/opt/airflow/dags/sample_dag.py                           1           0  0.17s           2022-09-14T18:57:41
================================================================================
[2022-09-14 18:58:41,749] {manager.py:803} INFO - 
================================================================================
DAG File Processing Stats

File Path                        PID    Runtime      # DAGs    # Errors  Last Runtime    Last Run
-------------------------------  -----  ---------  --------  ----------  --------------  -------------------
/opt/airflow/dags/sample_dag.py                           1           0  0.16s           2022-09-14T18:58:11
================================================================================
[2022-09-14 18:59:11,929] {manager.py:803} INFO - 
================================================================================
DAG File Processing Stats

File Path                        PID    Runtime      # DAGs    # Errors  Last Runtime    Last Run
-------------------------------  -----  ---------  --------  ----------  --------------  -------------------
/opt/airflow/dags/sample_dag.py                           1           0  0.15s           2022-09-14T18:58:42
================================================================================
[2022-09-14 18:59:42,095] {manager.py:803} INFO - 
================================================================================
DAG File Processing Stats

File Path                        PID    Runtime      # DAGs    # Errors  Last Runtime    Last Run
-------------------------------  -----  ---------  --------  ----------  --------------  -------------------
/opt/airflow/dags/sample_dag.py                           1           0  0.32s           2022-09-14T18:59:12
================================================================================
[2022-09-14 19:00:12,445] {manager.py:803} INFO - 
================================================================================
DAG File Processing Stats

File Path                        PID    Runtime      # DAGs    # Errors  Last Runtime    Last Run
-------------------------------  -----  ---------  --------  ----------  --------------  -------------------
/opt/airflow/dags/sample_dag.py                           1           0  0.14s           2022-09-14T18:59:42
================================================================================
[2022-09-14 19:00:42,610] {manager.py:803} INFO - 
================================================================================
DAG File Processing Stats

File Path                        PID    Runtime      # DAGs    # Errors  Last Runtime    Last Run
-------------------------------  -----  ---------  --------  ----------  --------------  -------------------
/opt/airflow/dags/sample_dag.py                           1           0  0.14s           2022-09-14T19:00:12
================================================================================
[2022-09-14 19:01:10,768] {manager.py:684} INFO - Searching for files in /opt/airflow/dags
[2022-09-14 19:01:10,775] {manager.py:687} INFO - There are 1 files in /opt/airflow/dags
[2022-09-14 19:01:12,790] {manager.py:803} INFO - 
================================================================================
DAG File Processing Stats

File Path                        PID    Runtime      # DAGs    # Errors  Last Runtime    Last Run
-------------------------------  -----  ---------  --------  ----------  --------------  -------------------
/opt/airflow/dags/sample_dag.py                           1           0  0.12s           2022-09-14T19:00:42
================================================================================
[2022-09-14 19:01:42,902] {manager.py:803} INFO - 
================================================================================
DAG File Processing Stats

File Path                        PID    Runtime      # DAGs    # Errors  Last Runtime    Last Run
-------------------------------  -----  ---------  --------  ----------  --------------  -------------------
/opt/airflow/dags/sample_dag.py                           1           0  0.12s           2022-09-14T19:01:12
================================================================================
[2022-09-14 19:02:13,045] {manager.py:803} INFO - 
================================================================================
DAG File Processing Stats

File Path                        PID    Runtime      # DAGs    # Errors  Last Runtime    Last Run
-------------------------------  -----  ---------  --------  ----------  --------------  -------------------
/opt/airflow/dags/sample_dag.py                           1           0  0.14s           2022-09-14T19:01:43
================================================================================
[2022-09-14 19:02:43,205] {manager.py:803} INFO - 
================================================================================
DAG File Processing Stats

File Path                        PID    Runtime      # DAGs    # Errors  Last Runtime    Last Run
-------------------------------  -----  ---------  --------  ----------  --------------  -------------------
/opt/airflow/dags/sample_dag.py                           1           0  0.14s           2022-09-14T19:02:13
================================================================================
[2022-09-14 19:03:13,350] {manager.py:803} INFO - 
================================================================================
DAG File Processing Stats

File Path                        PID    Runtime      # DAGs    # Errors  Last Runtime    Last Run
-------------------------------  -----  ---------  --------  ----------  --------------  -------------------
/opt/airflow/dags/sample_dag.py                           1           0  0.14s           2022-09-14T19:02:43
================================================================================
[2022-09-14 19:03:43,505] {manager.py:803} INFO - 
================================================================================
DAG File Processing Stats

File Path                        PID    Runtime      # DAGs    # Errors  Last Runtime    Last Run
-------------------------------  -----  ---------  --------  ----------  --------------  -------------------
/opt/airflow/dags/sample_dag.py                           1           0  0.12s           2022-09-14T19:03:13
================================================================================
[2022-09-14 19:04:13,648] {manager.py:803} INFO - 
================================================================================
DAG File Processing Stats

File Path                        PID    Runtime      # DAGs    # Errors  Last Runtime    Last Run
-------------------------------  -----  ---------  --------  ----------  --------------  -------------------
/opt/airflow/dags/sample_dag.py                           1           0  0.14s           2022-09-14T19:03:43
================================================================================
[2022-09-14 19:04:43,800] {manager.py:803} INFO - 
================================================================================
DAG File Processing Stats

File Path                        PID    Runtime      # DAGs    # Errors  Last Runtime    Last Run
-------------------------------  -----  ---------  --------  ----------  --------------  -------------------
/opt/airflow/dags/sample_dag.py                           1           0  0.14s           2022-09-14T19:04:13
================================================================================
[2022-09-14 19:05:13,966] {manager.py:803} INFO - 
================================================================================
DAG File Processing Stats

File Path                        PID    Runtime      # DAGs    # Errors  Last Runtime    Last Run
-------------------------------  -----  ---------  --------  ----------  --------------  -------------------
/opt/airflow/dags/sample_dag.py                           1           0  0.15s           2022-09-14T19:04:44
================================================================================
[2022-09-14 19:05:44,127] {manager.py:803} INFO - 
================================================================================
DAG File Processing Stats

File Path                        PID    Runtime      # DAGs    # Errors  Last Runtime    Last Run
-------------------------------  -----  ---------  --------  ----------  --------------  -------------------
/opt/airflow/dags/sample_dag.py                           1           0  0.13s           2022-09-14T19:05:14
================================================================================
[2022-09-14 19:06:11,268] {manager.py:684} INFO - Searching for files in /opt/airflow/dags
[2022-09-14 19:06:11,274] {manager.py:687} INFO - There are 1 files in /opt/airflow/dags
[2022-09-14 19:06:14,298] {manager.py:803} INFO - 
================================================================================
DAG File Processing Stats

File Path                        PID    Runtime      # DAGs    # Errors  Last Runtime    Last Run
-------------------------------  -----  ---------  --------  ----------  --------------  -------------------
/opt/airflow/dags/sample_dag.py                           1           0  0.13s           2022-09-14T19:05:44
================================================================================
[2022-09-14 19:06:44,425] {manager.py:803} INFO - 
================================================================================
DAG File Processing Stats

File Path                        PID    Runtime      # DAGs    # Errors  Last Runtime    Last Run
-------------------------------  -----  ---------  --------  ----------  --------------  -------------------
/opt/airflow/dags/sample_dag.py                           1           0  0.18s           2022-09-14T19:06:14
================================================================================
[2022-09-14 19:07:14,621] {manager.py:803} INFO - 
================================================================================
DAG File Processing Stats

File Path                        PID    Runtime      # DAGs    # Errors  Last Runtime    Last Run
-------------------------------  -----  ---------  --------  ----------  --------------  -------------------
/opt/airflow/dags/sample_dag.py                           1           0  0.14s           2022-09-14T19:06:44
================================================================================
[2022-09-14 19:07:44,778] {manager.py:803} INFO - 
================================================================================
DAG File Processing Stats

File Path                        PID    Runtime      # DAGs    # Errors  Last Runtime    Last Run
-------------------------------  -----  ---------  --------  ----------  --------------  -------------------
/opt/airflow/dags/sample_dag.py                           1           0  0.20s           2022-09-14T19:07:14
================================================================================
[2022-09-14 19:08:15,000] {manager.py:803} INFO - 
================================================================================
DAG File Processing Stats

File Path                        PID    Runtime      # DAGs    # Errors  Last Runtime    Last Run
-------------------------------  -----  ---------  --------  ----------  --------------  -------------------
/opt/airflow/dags/sample_dag.py                           1           0  0.15s           2022-09-14T19:07:45
================================================================================
